2023-08-22 00:00:20.9160||INFO|Microsoft.AspNetCore.DataProtection.KeyManagement.XmlKeyManager|User profile is available. Using 'C:\Users\s_utk\AppData\Local\ASP.NET\DataProtection-Keys' as key repository and Windows DPAPI to encrypt keys at rest. 
2023-08-22 00:00:21.0303||INFO|Microsoft.Hosting.Lifetime|Now listening on: https://localhost:7068 
2023-08-22 00:00:21.0303||INFO|Microsoft.Hosting.Lifetime|Now listening on: http://localhost:5076 
2023-08-22 00:00:21.0303||INFO|Microsoft.Hosting.Lifetime|Application started. Press Ctrl+C to shut down. 
2023-08-22 00:00:21.0303||INFO|Microsoft.Hosting.Lifetime|Hosting environment: Development 
2023-08-22 00:00:21.0303||INFO|Microsoft.Hosting.Lifetime|Content root path: D:\Fork\Semicolon\OnlineEducation.Api 
2023-08-22 00:00:21.7497||INFO|Microsoft.AspNetCore.Hosting.Diagnostics|Request starting HTTP/2 GET https://localhost:7068/swagger/index.html - - 
2023-08-22 00:00:21.9446||INFO|Microsoft.AspNetCore.Hosting.Diagnostics|Request finished HTTP/2 GET https://localhost:7068/swagger/index.html - - - 200 - text/html;charset=utf-8 196.1536ms 
2023-08-22 00:00:21.9446||INFO|Microsoft.AspNetCore.Hosting.Diagnostics|Request starting HTTP/2 GET https://localhost:7068/_vs/browserLink - - 
2023-08-22 00:00:21.9446||INFO|Microsoft.AspNetCore.Hosting.Diagnostics|Request starting HTTP/2 GET https://localhost:7068/_framework/aspnetcore-browser-refresh.js - - 
2023-08-22 00:00:21.9607||INFO|Microsoft.AspNetCore.Hosting.Diagnostics|Request finished HTTP/2 GET https://localhost:7068/_framework/aspnetcore-browser-refresh.js - - - 200 12008 application/javascript;+charset=utf-8 10.7137ms 
2023-08-22 00:00:21.9838||INFO|Microsoft.AspNetCore.Hosting.Diagnostics|Request finished HTTP/2 GET https://localhost:7068/_vs/browserLink - - - 200 - text/javascript;+charset=UTF-8 33.7574ms 
2023-08-22 00:00:22.0557||INFO|Microsoft.AspNetCore.Hosting.Diagnostics|Request starting HTTP/2 GET https://localhost:7068/swagger/v1/swagger.json - - 
2023-08-22 00:00:22.1015||INFO|Microsoft.AspNetCore.Hosting.Diagnostics|Request finished HTTP/2 GET https://localhost:7068/swagger/v1/swagger.json - - - 200 - application/json;charset=utf-8 45.8254ms 
2023-08-22 00:00:35.4132||INFO|Microsoft.AspNetCore.Hosting.Diagnostics|Request starting HTTP/1.1 POST https://localhost:7068/api/Auth/Login application/json;+charset=utf-8 30 
2023-08-22 00:00:35.4169||INFO|Microsoft.AspNetCore.Routing.EndpointMiddleware|Executing endpoint 'OnlineEducation.Controllers.AuthController.Login (OnlineEducation.Api)' 
2023-08-22 00:00:35.4169||INFO|Microsoft.AspNetCore.Mvc.Infrastructure.ControllerActionInvoker|Route matched with {action = "Login", controller = "Auth"}. Executing controller action with signature System.Object Login(System.Object) on controller OnlineEducation.Controllers.AuthController (OnlineEducation.Api). 
2023-08-22 00:00:36.2177||INFO|Microsoft.EntityFrameworkCore.Database.Command|Executed DbCommand (15ms) [Parameters=[], CommandType='Text', CommandTimeout='30']
SELECT TOP(2) [t].[Id], [t].[Email], [t].[EmailIsValid], [t].[EmailValidationDate], [t].[IsActive], [t].[Password], [t].[RegistrationDate], [t].[RoleId], [t].[UpdateDate]
FROM [tblUser] AS [t]
WHERE 0 = 1 
2023-08-22 00:00:36.2296||INFO|Microsoft.AspNetCore.Mvc.Infrastructure.ObjectResultExecutor|Executing ObjectResult, writing value of type '<>f__AnonymousType1`2[[System.Boolean, System.Private.CoreLib, Version=7.0.0.0, Culture=neutral, PublicKeyToken=7cec85d7bea7798e],[System.String, System.Private.CoreLib, Version=7.0.0.0, Culture=neutral, PublicKeyToken=7cec85d7bea7798e]]'. 
2023-08-22 00:00:36.2296||INFO|Microsoft.AspNetCore.Mvc.Infrastructure.ControllerActionInvoker|Executed action OnlineEducation.Controllers.AuthController.Login (OnlineEducation.Api) in 806.4726ms 
2023-08-22 00:00:36.2296||INFO|Microsoft.AspNetCore.Routing.EndpointMiddleware|Executed endpoint 'OnlineEducation.Controllers.AuthController.Login (OnlineEducation.Api)' 
2023-08-22 00:00:36.2296||INFO|Microsoft.AspNetCore.Hosting.Diagnostics|Request finished HTTP/1.1 POST https://localhost:7068/api/Auth/Login application/json;+charset=utf-8 30 - 200 - application/json;+charset=utf-8 825.6826ms 
2023-08-22 00:00:38.7310||INFO|Microsoft.AspNetCore.Hosting.Diagnostics|Request starting HTTP/1.1 POST https://localhost:7068/api/Auth/Login application/json;+charset=utf-8 55 
2023-08-22 00:00:38.7310||INFO|Microsoft.AspNetCore.Routing.EndpointMiddleware|Executing endpoint 'OnlineEducation.Controllers.AuthController.Login (OnlineEducation.Api)' 
2023-08-22 00:00:38.7310||INFO|Microsoft.AspNetCore.Mvc.Infrastructure.ControllerActionInvoker|Route matched with {action = "Login", controller = "Auth"}. Executing controller action with signature System.Object Login(System.Object) on controller OnlineEducation.Controllers.AuthController (OnlineEducation.Api). 
2023-08-22 00:00:38.7612||INFO|Microsoft.EntityFrameworkCore.Database.Command|Executed DbCommand (12ms) [Parameters=[@__email_0='?' (Size = 4000), @__password_1='?' (Size = 4000)], CommandType='Text', CommandTimeout='30']
SELECT TOP(2) [t].[Id], [t].[Email], [t].[EmailIsValid], [t].[EmailValidationDate], [t].[IsActive], [t].[Password], [t].[RegistrationDate], [t].[RoleId], [t].[UpdateDate]
FROM [tblUser] AS [t]
WHERE [t].[Email] = @__email_0 AND [t].[Password] = @__password_1 
2023-08-22 00:00:38.7612||INFO|Microsoft.EntityFrameworkCore.Database.Command|Executed DbCommand (2ms) [Parameters=[@__item_RoleId_0='?' (DbType = Int32)], CommandType='Text', CommandTimeout='30']
SELECT TOP(2) [t].[Id], [t].[Name]
FROM [tblRole] AS [t]
WHERE [t].[Id] = @__item_RoleId_0 
2023-08-22 00:00:38.8268||INFO|Microsoft.AspNetCore.Mvc.Infrastructure.ObjectResultExecutor|Executing ObjectResult, writing value of type '<>f__AnonymousType0`3[[System.Boolean, System.Private.CoreLib, Version=7.0.0.0, Culture=neutral, PublicKeyToken=7cec85d7bea7798e],[System.String, System.Private.CoreLib, Version=7.0.0.0, Culture=neutral, PublicKeyToken=7cec85d7bea7798e],[System.String, System.Private.CoreLib, Version=7.0.0.0, Culture=neutral, PublicKeyToken=7cec85d7bea7798e]]'. 
2023-08-22 00:00:38.8268||INFO|Microsoft.AspNetCore.Mvc.Infrastructure.ControllerActionInvoker|Executed action OnlineEducation.Controllers.AuthController.Login (OnlineEducation.Api) in 95.4871ms 
2023-08-22 00:00:38.8268||INFO|Microsoft.AspNetCore.Routing.EndpointMiddleware|Executed endpoint 'OnlineEducation.Controllers.AuthController.Login (OnlineEducation.Api)' 
2023-08-22 00:00:38.8268||INFO|Microsoft.AspNetCore.Hosting.Diagnostics|Request finished HTTP/1.1 POST https://localhost:7068/api/Auth/Login application/json;+charset=utf-8 55 - 200 - application/json;+charset=utf-8 97.3773ms 
2023-08-22 00:01:04.4803||INFO|Microsoft.AspNetCore.Hosting.Diagnostics|Request starting HTTP/1.1 POST https://localhost:7068/api/Auth/Login application/json;+charset=utf-8 30 
2023-08-22 00:01:04.4803||INFO|Microsoft.AspNetCore.Routing.EndpointMiddleware|Executing endpoint 'OnlineEducation.Controllers.AuthController.Login (OnlineEducation.Api)' 
2023-08-22 00:01:04.4803||INFO|Microsoft.AspNetCore.Mvc.Infrastructure.ControllerActionInvoker|Route matched with {action = "Login", controller = "Auth"}. Executing controller action with signature System.Object Login(System.Object) on controller OnlineEducation.Controllers.AuthController (OnlineEducation.Api). 
2023-08-22 00:01:04.5134||INFO|Microsoft.EntityFrameworkCore.Database.Command|Executed DbCommand (1ms) [Parameters=[], CommandType='Text', CommandTimeout='30']
SELECT TOP(2) [t].[Id], [t].[Email], [t].[EmailIsValid], [t].[EmailValidationDate], [t].[IsActive], [t].[Password], [t].[RegistrationDate], [t].[RoleId], [t].[UpdateDate]
FROM [tblUser] AS [t]
WHERE 0 = 1 
2023-08-22 00:01:04.5134||INFO|Microsoft.AspNetCore.Mvc.Infrastructure.ObjectResultExecutor|Executing ObjectResult, writing value of type '<>f__AnonymousType1`2[[System.Boolean, System.Private.CoreLib, Version=7.0.0.0, Culture=neutral, PublicKeyToken=7cec85d7bea7798e],[System.String, System.Private.CoreLib, Version=7.0.0.0, Culture=neutral, PublicKeyToken=7cec85d7bea7798e]]'. 
2023-08-22 00:01:04.5134||INFO|Microsoft.AspNetCore.Mvc.Infrastructure.ControllerActionInvoker|Executed action OnlineEducation.Controllers.AuthController.Login (OnlineEducation.Api) in 32.9982ms 
2023-08-22 00:01:04.5134||INFO|Microsoft.AspNetCore.Routing.EndpointMiddleware|Executed endpoint 'OnlineEducation.Controllers.AuthController.Login (OnlineEducation.Api)' 
2023-08-22 00:01:04.5134||INFO|Microsoft.AspNetCore.Hosting.Diagnostics|Request finished HTTP/1.1 POST https://localhost:7068/api/Auth/Login application/json;+charset=utf-8 30 - 200 - application/json;+charset=utf-8 34.0092ms 
2023-08-22 00:01:05.7152||INFO|Microsoft.AspNetCore.Hosting.Diagnostics|Request starting HTTP/1.1 POST https://localhost:7068/api/Auth/Login application/json;+charset=utf-8 55 
2023-08-22 00:01:05.7152||INFO|Microsoft.AspNetCore.Routing.EndpointMiddleware|Executing endpoint 'OnlineEducation.Controllers.AuthController.Login (OnlineEducation.Api)' 
2023-08-22 00:01:05.7152||INFO|Microsoft.AspNetCore.Mvc.Infrastructure.ControllerActionInvoker|Route matched with {action = "Login", controller = "Auth"}. Executing controller action with signature System.Object Login(System.Object) on controller OnlineEducation.Controllers.AuthController (OnlineEducation.Api). 
2023-08-22 00:01:05.7152||INFO|Microsoft.EntityFrameworkCore.Database.Command|Executed DbCommand (1ms) [Parameters=[@__email_0='?' (Size = 4000), @__password_1='?' (Size = 4000)], CommandType='Text', CommandTimeout='30']
SELECT TOP(2) [t].[Id], [t].[Email], [t].[EmailIsValid], [t].[EmailValidationDate], [t].[IsActive], [t].[Password], [t].[RegistrationDate], [t].[RoleId], [t].[UpdateDate]
FROM [tblUser] AS [t]
WHERE [t].[Email] = @__email_0 AND [t].[Password] = @__password_1 
2023-08-22 00:01:05.7152||INFO|Microsoft.EntityFrameworkCore.Database.Command|Executed DbCommand (1ms) [Parameters=[@__item_RoleId_0='?' (DbType = Int32)], CommandType='Text', CommandTimeout='30']
SELECT TOP(2) [t].[Id], [t].[Name]
FROM [tblRole] AS [t]
WHERE [t].[Id] = @__item_RoleId_0 
2023-08-22 00:01:05.7152||INFO|Microsoft.AspNetCore.Mvc.Infrastructure.ObjectResultExecutor|Executing ObjectResult, writing value of type '<>f__AnonymousType0`3[[System.Boolean, System.Private.CoreLib, Version=7.0.0.0, Culture=neutral, PublicKeyToken=7cec85d7bea7798e],[System.String, System.Private.CoreLib, Version=7.0.0.0, Culture=neutral, PublicKeyToken=7cec85d7bea7798e],[System.String, System.Private.CoreLib, Version=7.0.0.0, Culture=neutral, PublicKeyToken=7cec85d7bea7798e]]'. 
2023-08-22 00:01:05.7152||INFO|Microsoft.AspNetCore.Mvc.Infrastructure.ControllerActionInvoker|Executed action OnlineEducation.Controllers.AuthController.Login (OnlineEducation.Api) in 3.6689ms 
2023-08-22 00:01:05.7152||INFO|Microsoft.AspNetCore.Routing.EndpointMiddleware|Executed endpoint 'OnlineEducation.Controllers.AuthController.Login (OnlineEducation.Api)' 
2023-08-22 00:01:05.7152||INFO|Microsoft.AspNetCore.Hosting.Diagnostics|Request finished HTTP/1.1 POST https://localhost:7068/api/Auth/Login application/json;+charset=utf-8 55 - 200 - application/json;+charset=utf-8 4.4225ms 
2023-08-22 00:07:18.8697||INFO|Microsoft.AspNetCore.DataProtection.KeyManagement.XmlKeyManager|User profile is available. Using 'C:\Users\s_utk\AppData\Local\ASP.NET\DataProtection-Keys' as key repository and Windows DPAPI to encrypt keys at rest. 
2023-08-22 00:07:18.9816||INFO|Microsoft.Hosting.Lifetime|Now listening on: https://localhost:7068 
2023-08-22 00:07:18.9816||INFO|Microsoft.Hosting.Lifetime|Now listening on: http://localhost:5076 
2023-08-22 00:07:18.9816||INFO|Microsoft.Hosting.Lifetime|Application started. Press Ctrl+C to shut down. 
2023-08-22 00:07:18.9816||INFO|Microsoft.Hosting.Lifetime|Hosting environment: Development 
2023-08-22 00:07:18.9816||INFO|Microsoft.Hosting.Lifetime|Content root path: D:\Fork\Semicolon\OnlineEducation.Api 
2023-08-22 00:07:19.3684||INFO|Microsoft.AspNetCore.Hosting.Diagnostics|Request starting HTTP/2 GET https://localhost:7068/swagger/index.html - - 
2023-08-22 00:07:19.5649||INFO|Microsoft.AspNetCore.Hosting.Diagnostics|Request starting HTTP/2 GET https://localhost:7068/_vs/browserLink - - 
2023-08-22 00:07:19.5649||INFO|Microsoft.AspNetCore.Hosting.Diagnostics|Request starting HTTP/2 GET https://localhost:7068/_framework/aspnetcore-browser-refresh.js - - 
2023-08-22 00:07:19.5649||INFO|Microsoft.AspNetCore.Hosting.Diagnostics|Request finished HTTP/2 GET https://localhost:7068/swagger/index.html - - - 200 - text/html;charset=utf-8 197.2679ms 
2023-08-22 00:07:19.5741||INFO|Microsoft.AspNetCore.Hosting.Diagnostics|Request finished HTTP/2 GET https://localhost:7068/_framework/aspnetcore-browser-refresh.js - - - 200 12008 application/javascript;+charset=utf-8 9.1787ms 
2023-08-22 00:07:19.5990||INFO|Microsoft.AspNetCore.Hosting.Diagnostics|Request finished HTTP/2 GET https://localhost:7068/_vs/browserLink - - - 200 - text/javascript;+charset=UTF-8 34.1196ms 
2023-08-22 00:07:19.6881||INFO|Microsoft.AspNetCore.Hosting.Diagnostics|Request starting HTTP/2 GET https://localhost:7068/swagger/v1/swagger.json - - 
2023-08-22 00:07:19.7357||INFO|Microsoft.AspNetCore.Hosting.Diagnostics|Request finished HTTP/2 GET https://localhost:7068/swagger/v1/swagger.json - - - 200 - application/json;charset=utf-8 47.6035ms 
2023-08-22 00:07:32.8930||INFO|Microsoft.AspNetCore.Hosting.Diagnostics|Request starting HTTP/1.1 POST https://localhost:7068/api/Auth/Login application/json;+charset=utf-8 30 
2023-08-22 00:07:32.8930||INFO|Microsoft.AspNetCore.Routing.EndpointMiddleware|Executing endpoint 'OnlineEducation.Controllers.AuthController.Login (OnlineEducation.Api)' 
2023-08-22 00:07:32.9061||INFO|Microsoft.AspNetCore.Mvc.Infrastructure.ControllerActionInvoker|Route matched with {action = "Login", controller = "Auth"}. Executing controller action with signature System.Object Login(System.Object) on controller OnlineEducation.Controllers.AuthController (OnlineEducation.Api). 
2023-08-22 00:07:33.6736||INFO|Microsoft.EntityFrameworkCore.Database.Command|Executed DbCommand (15ms) [Parameters=[], CommandType='Text', CommandTimeout='30']
SELECT TOP(2) [t].[Id], [t].[Email], [t].[EmailIsValid], [t].[EmailValidationDate], [t].[IsActive], [t].[Password], [t].[RegistrationDate], [t].[RoleId], [t].[UpdateDate]
FROM [tblUser] AS [t]
WHERE 0 = 1 
2023-08-22 00:07:33.6854||INFO|Microsoft.AspNetCore.Mvc.Infrastructure.ObjectResultExecutor|Executing ObjectResult, writing value of type '<>f__AnonymousType1`2[[System.Boolean, System.Private.CoreLib, Version=7.0.0.0, Culture=neutral, PublicKeyToken=7cec85d7bea7798e],[System.String, System.Private.CoreLib, Version=7.0.0.0, Culture=neutral, PublicKeyToken=7cec85d7bea7798e]]'. 
2023-08-22 00:07:33.6854||INFO|Microsoft.AspNetCore.Mvc.Infrastructure.ControllerActionInvoker|Executed action OnlineEducation.Controllers.AuthController.Login (OnlineEducation.Api) in 782.9707ms 
2023-08-22 00:07:33.6854||INFO|Microsoft.AspNetCore.Routing.EndpointMiddleware|Executed endpoint 'OnlineEducation.Controllers.AuthController.Login (OnlineEducation.Api)' 
2023-08-22 00:07:33.6950||INFO|Microsoft.AspNetCore.Hosting.Diagnostics|Request finished HTTP/1.1 POST https://localhost:7068/api/Auth/Login application/json;+charset=utf-8 30 - 200 - application/json;+charset=utf-8 801.9867ms 
2023-08-22 00:07:35.2699||INFO|Microsoft.AspNetCore.Hosting.Diagnostics|Request starting HTTP/1.1 POST https://localhost:7068/api/Auth/Login application/json;+charset=utf-8 55 
2023-08-22 00:07:35.2699||INFO|Microsoft.AspNetCore.Routing.EndpointMiddleware|Executing endpoint 'OnlineEducation.Controllers.AuthController.Login (OnlineEducation.Api)' 
2023-08-22 00:07:35.2699||INFO|Microsoft.AspNetCore.Mvc.Infrastructure.ControllerActionInvoker|Route matched with {action = "Login", controller = "Auth"}. Executing controller action with signature System.Object Login(System.Object) on controller OnlineEducation.Controllers.AuthController (OnlineEducation.Api). 
2023-08-22 00:07:35.2999||INFO|Microsoft.EntityFrameworkCore.Database.Command|Executed DbCommand (11ms) [Parameters=[@__email_0='?' (Size = 4000), @__password_1='?' (Size = 4000)], CommandType='Text', CommandTimeout='30']
SELECT TOP(2) [t].[Id], [t].[Email], [t].[EmailIsValid], [t].[EmailValidationDate], [t].[IsActive], [t].[Password], [t].[RegistrationDate], [t].[RoleId], [t].[UpdateDate]
FROM [tblUser] AS [t]
WHERE [t].[Email] = @__email_0 AND [t].[Password] = @__password_1 
2023-08-22 00:07:35.3094||INFO|Microsoft.EntityFrameworkCore.Database.Command|Executed DbCommand (2ms) [Parameters=[@__item_RoleId_0='?' (DbType = Int32)], CommandType='Text', CommandTimeout='30']
SELECT TOP(2) [t].[Id], [t].[Name]
FROM [tblRole] AS [t]
WHERE [t].[Id] = @__item_RoleId_0 
2023-08-22 00:07:35.3653||INFO|Microsoft.AspNetCore.Mvc.Infrastructure.ObjectResultExecutor|Executing ObjectResult, writing value of type '<>f__AnonymousType0`3[[System.Boolean, System.Private.CoreLib, Version=7.0.0.0, Culture=neutral, PublicKeyToken=7cec85d7bea7798e],[System.String, System.Private.CoreLib, Version=7.0.0.0, Culture=neutral, PublicKeyToken=7cec85d7bea7798e],[System.String, System.Private.CoreLib, Version=7.0.0.0, Culture=neutral, PublicKeyToken=7cec85d7bea7798e]]'. 
2023-08-22 00:07:35.3664||INFO|Microsoft.AspNetCore.Mvc.Infrastructure.ControllerActionInvoker|Executed action OnlineEducation.Controllers.AuthController.Login (OnlineEducation.Api) in 94.9648ms 
2023-08-22 00:07:35.3664||INFO|Microsoft.AspNetCore.Routing.EndpointMiddleware|Executed endpoint 'OnlineEducation.Controllers.AuthController.Login (OnlineEducation.Api)' 
2023-08-22 00:07:35.3664||INFO|Microsoft.AspNetCore.Hosting.Diagnostics|Request finished HTTP/1.1 POST https://localhost:7068/api/Auth/Login application/json;+charset=utf-8 55 - 200 - application/json;+charset=utf-8 96.9364ms 
2023-08-22 00:12:09.4520||INFO|Microsoft.AspNetCore.DataProtection.KeyManagement.XmlKeyManager|User profile is available. Using 'C:\Users\s_utk\AppData\Local\ASP.NET\DataProtection-Keys' as key repository and Windows DPAPI to encrypt keys at rest. 
2023-08-22 00:12:09.5758||INFO|Microsoft.Hosting.Lifetime|Now listening on: https://localhost:7068 
2023-08-22 00:12:09.5758||INFO|Microsoft.Hosting.Lifetime|Now listening on: http://localhost:5076 
2023-08-22 00:12:09.5758||INFO|Microsoft.Hosting.Lifetime|Application started. Press Ctrl+C to shut down. 
2023-08-22 00:12:09.5758||INFO|Microsoft.Hosting.Lifetime|Hosting environment: Development 
2023-08-22 00:12:09.5758||INFO|Microsoft.Hosting.Lifetime|Content root path: D:\Fork\Semicolon\OnlineEducation.Api 
2023-08-22 00:12:09.9204||INFO|Microsoft.AspNetCore.Hosting.Diagnostics|Request starting HTTP/2 GET https://localhost:7068/swagger/index.html - - 
2023-08-22 00:12:10.1047||INFO|Microsoft.AspNetCore.Hosting.Diagnostics|Request finished HTTP/2 GET https://localhost:7068/swagger/index.html - - - 200 - text/html;charset=utf-8 185.1078ms 
2023-08-22 00:12:10.1047||INFO|Microsoft.AspNetCore.Hosting.Diagnostics|Request starting HTTP/2 GET https://localhost:7068/_vs/browserLink - - 
2023-08-22 00:12:10.1047||INFO|Microsoft.AspNetCore.Hosting.Diagnostics|Request starting HTTP/2 GET https://localhost:7068/_framework/aspnetcore-browser-refresh.js - - 
2023-08-22 00:12:10.1294||INFO|Microsoft.AspNetCore.Hosting.Diagnostics|Request finished HTTP/2 GET https://localhost:7068/_framework/aspnetcore-browser-refresh.js - - - 200 12008 application/javascript;+charset=utf-8 13.6716ms 
2023-08-22 00:12:10.1531||INFO|Microsoft.AspNetCore.Hosting.Diagnostics|Request finished HTTP/2 GET https://localhost:7068/_vs/browserLink - - - 200 - text/javascript;+charset=UTF-8 37.4772ms 
2023-08-22 00:12:10.2299||INFO|Microsoft.AspNetCore.Hosting.Diagnostics|Request starting HTTP/2 GET https://localhost:7068/swagger/v1/swagger.json - - 
2023-08-22 00:12:10.2761||INFO|Microsoft.AspNetCore.Hosting.Diagnostics|Request finished HTTP/2 GET https://localhost:7068/swagger/v1/swagger.json - - - 200 - application/json;charset=utf-8 46.2275ms 
2023-08-22 00:12:25.6245||INFO|Microsoft.AspNetCore.Hosting.Diagnostics|Request starting HTTP/1.1 POST https://localhost:7068/api/Auth/Login application/json;+charset=utf-8 30 
2023-08-22 00:12:25.6245||INFO|Microsoft.AspNetCore.Routing.EndpointMiddleware|Executing endpoint 'OnlineEducation.Controllers.AuthController.Login (OnlineEducation.Api)' 
2023-08-22 00:12:25.6373||INFO|Microsoft.AspNetCore.Mvc.Infrastructure.ControllerActionInvoker|Route matched with {action = "Login", controller = "Auth"}. Executing controller action with signature System.Object Login(System.Object) on controller OnlineEducation.Controllers.AuthController (OnlineEducation.Api). 
2023-08-22 00:12:26.4137||INFO|Microsoft.EntityFrameworkCore.Database.Command|Executed DbCommand (15ms) [Parameters=[], CommandType='Text', CommandTimeout='30']
SELECT TOP(2) [t].[Id], [t].[Email], [t].[EmailIsValid], [t].[EmailValidationDate], [t].[IsActive], [t].[Password], [t].[RegistrationDate], [t].[RoleId], [t].[UpdateDate]
FROM [tblUser] AS [t]
WHERE 0 = 1 
2023-08-22 00:12:26.4137||INFO|Microsoft.AspNetCore.Mvc.Infrastructure.ObjectResultExecutor|Executing ObjectResult, writing value of type '<>f__AnonymousType1`2[[System.Boolean, System.Private.CoreLib, Version=7.0.0.0, Culture=neutral, PublicKeyToken=7cec85d7bea7798e],[System.String, System.Private.CoreLib, Version=7.0.0.0, Culture=neutral, PublicKeyToken=7cec85d7bea7798e]]'. 
2023-08-22 00:12:26.4315||INFO|Microsoft.AspNetCore.Mvc.Infrastructure.ControllerActionInvoker|Executed action OnlineEducation.Controllers.AuthController.Login (OnlineEducation.Api) in 791.9593ms 
2023-08-22 00:12:26.4315||INFO|Microsoft.AspNetCore.Routing.EndpointMiddleware|Executed endpoint 'OnlineEducation.Controllers.AuthController.Login (OnlineEducation.Api)' 
2023-08-22 00:12:26.4315||INFO|Microsoft.AspNetCore.Hosting.Diagnostics|Request finished HTTP/1.1 POST https://localhost:7068/api/Auth/Login application/json;+charset=utf-8 30 - 200 - application/json;+charset=utf-8 811.5013ms 
2023-08-22 00:12:29.1703||INFO|Microsoft.AspNetCore.Hosting.Diagnostics|Request starting HTTP/1.1 POST https://localhost:7068/api/Auth/Login application/json;+charset=utf-8 55 
2023-08-22 00:12:29.1703||INFO|Microsoft.AspNetCore.Routing.EndpointMiddleware|Executing endpoint 'OnlineEducation.Controllers.AuthController.Login (OnlineEducation.Api)' 
2023-08-22 00:12:29.1703||INFO|Microsoft.AspNetCore.Mvc.Infrastructure.ControllerActionInvoker|Route matched with {action = "Login", controller = "Auth"}. Executing controller action with signature System.Object Login(System.Object) on controller OnlineEducation.Controllers.AuthController (OnlineEducation.Api). 
2023-08-22 00:12:29.1999||INFO|Microsoft.EntityFrameworkCore.Database.Command|Executed DbCommand (11ms) [Parameters=[@__email_0='?' (Size = 4000), @__password_1='?' (Size = 4000)], CommandType='Text', CommandTimeout='30']
SELECT TOP(2) [t].[Id], [t].[Email], [t].[EmailIsValid], [t].[EmailValidationDate], [t].[IsActive], [t].[Password], [t].[RegistrationDate], [t].[RoleId], [t].[UpdateDate]
FROM [tblUser] AS [t]
WHERE [t].[Email] = @__email_0 AND [t].[Password] = @__password_1 
2023-08-22 00:12:29.1999||INFO|Microsoft.EntityFrameworkCore.Database.Command|Executed DbCommand (2ms) [Parameters=[@__item_RoleId_0='?' (DbType = Int32)], CommandType='Text', CommandTimeout='30']
SELECT TOP(2) [t].[Id], [t].[Name]
FROM [tblRole] AS [t]
WHERE [t].[Id] = @__item_RoleId_0 
2023-08-22 00:12:29.2636||INFO|Microsoft.AspNetCore.Mvc.Infrastructure.ObjectResultExecutor|Executing ObjectResult, writing value of type '<>f__AnonymousType0`3[[System.Boolean, System.Private.CoreLib, Version=7.0.0.0, Culture=neutral, PublicKeyToken=7cec85d7bea7798e],[System.String, System.Private.CoreLib, Version=7.0.0.0, Culture=neutral, PublicKeyToken=7cec85d7bea7798e],[System.String, System.Private.CoreLib, Version=7.0.0.0, Culture=neutral, PublicKeyToken=7cec85d7bea7798e]]'. 
2023-08-22 00:12:29.2636||INFO|Microsoft.AspNetCore.Mvc.Infrastructure.ControllerActionInvoker|Executed action OnlineEducation.Controllers.AuthController.Login (OnlineEducation.Api) in 92.6741ms 
2023-08-22 00:12:29.2636||INFO|Microsoft.AspNetCore.Routing.EndpointMiddleware|Executed endpoint 'OnlineEducation.Controllers.AuthController.Login (OnlineEducation.Api)' 
2023-08-22 00:12:29.2636||INFO|Microsoft.AspNetCore.Hosting.Diagnostics|Request finished HTTP/1.1 POST https://localhost:7068/api/Auth/Login application/json;+charset=utf-8 55 - 200 - application/json;+charset=utf-8 94.8918ms 
2023-08-22 00:12:40.5324||INFO|Microsoft.AspNetCore.Hosting.Diagnostics|Request starting HTTP/1.1 POST https://localhost:7068/api/Auth/Login application/json;+charset=utf-8 30 
2023-08-22 00:12:40.5324||INFO|Microsoft.AspNetCore.Routing.EndpointMiddleware|Executing endpoint 'OnlineEducation.Controllers.AuthController.Login (OnlineEducation.Api)' 
2023-08-22 00:12:40.5324||INFO|Microsoft.AspNetCore.Mvc.Infrastructure.ControllerActionInvoker|Route matched with {action = "Login", controller = "Auth"}. Executing controller action with signature System.Object Login(System.Object) on controller OnlineEducation.Controllers.AuthController (OnlineEducation.Api). 
2023-08-22 00:12:40.5658||INFO|Microsoft.EntityFrameworkCore.Database.Command|Executed DbCommand (0ms) [Parameters=[], CommandType='Text', CommandTimeout='30']
SELECT TOP(2) [t].[Id], [t].[Email], [t].[EmailIsValid], [t].[EmailValidationDate], [t].[IsActive], [t].[Password], [t].[RegistrationDate], [t].[RoleId], [t].[UpdateDate]
FROM [tblUser] AS [t]
WHERE 0 = 1 
2023-08-22 00:12:40.5658||INFO|Microsoft.AspNetCore.Mvc.Infrastructure.ObjectResultExecutor|Executing ObjectResult, writing value of type '<>f__AnonymousType1`2[[System.Boolean, System.Private.CoreLib, Version=7.0.0.0, Culture=neutral, PublicKeyToken=7cec85d7bea7798e],[System.String, System.Private.CoreLib, Version=7.0.0.0, Culture=neutral, PublicKeyToken=7cec85d7bea7798e]]'. 
2023-08-22 00:12:40.5658||INFO|Microsoft.AspNetCore.Mvc.Infrastructure.ControllerActionInvoker|Executed action OnlineEducation.Controllers.AuthController.Login (OnlineEducation.Api) in 33.2719ms 
2023-08-22 00:12:40.5658||INFO|Microsoft.AspNetCore.Routing.EndpointMiddleware|Executed endpoint 'OnlineEducation.Controllers.AuthController.Login (OnlineEducation.Api)' 
2023-08-22 00:12:40.5658||INFO|Microsoft.AspNetCore.Hosting.Diagnostics|Request finished HTTP/1.1 POST https://localhost:7068/api/Auth/Login application/json;+charset=utf-8 30 - 200 - application/json;+charset=utf-8 34.2934ms 
